2026-04-08 09:29:15 INFO  c.e.a.AlertCiviqueApplication - Starting AlertCiviqueApplication using Java 17.0.12 with PID 31228 (C:\PROJET_DORANCO\ALERT-CIVIQUE-PROJECT\alert_civique_back\target\classes started by steph in C:\PROJET_DORANCO\ALERT-CIVIQUE-PROJECT\alert_civique_back)
2026-04-08 09:29:15 INFO  c.e.a.AlertCiviqueApplication - No active profile set, falling back to 1 default profile: "default"
2026-04-08 09:29:15 INFO  o.s.b.d.e.DevToolsPropertyDefaultsPostProcessor - Devtools property defaults active! Set 'spring.devtools.add-properties' to 'false' to disable
2026-04-08 09:29:15 INFO  o.s.b.d.e.DevToolsPropertyDefaultsPostProcessor - For additional web related logging consider setting the 'logging.level.web' property to 'DEBUG'
2026-04-08 09:29:15 INFO  o.s.d.r.c.RepositoryConfigurationDelegate - Bootstrapping Spring Data JPA repositories in DEFAULT mode.
2026-04-08 09:29:16 INFO  o.s.d.r.c.RepositoryConfigurationDelegate - Finished Spring Data repository scanning in 60 ms. Found 15 JPA repository interfaces.
2026-04-08 09:29:16 INFO  o.s.boot.tomcat.TomcatWebServer - Tomcat initialized with port 9090 (http)
2026-04-08 09:29:16 INFO  o.a.catalina.core.StandardService - Starting service [Tomcat]
2026-04-08 09:29:16 INFO  o.a.catalina.core.StandardEngine - Starting Servlet engine: [Apache Tomcat/11.0.18]
2026-04-08 09:29:16 INFO  o.s.b.w.c.s.WebApplicationContextInitializer - Root WebApplicationContext: initialization completed in 1143 ms
2026-04-08 09:29:16 INFO  org.hibernate.orm.jpa - HHH008540: Processing PersistenceUnitInfo [name: default]
2026-04-08 09:29:16 INFO  org.hibernate.orm.core - HHH000001: Hibernate ORM core version 7.2.4.Final
2026-04-08 09:29:17 INFO  o.s.o.j.p.SpringPersistenceUnitInfo - No LoadTimeWeaver setup: ignoring JPA class transformer
2026-04-08 09:29:17 INFO  com.zaxxer.hikari.HikariDataSource - HikariPool-1 - Starting...
2026-04-08 09:29:17 INFO  com.zaxxer.hikari.pool.HikariPool - HikariPool-1 - Added connection org.mariadb.jdbc.Connection@26bb2ac2
2026-04-08 09:29:17 INFO  com.zaxxer.hikari.HikariDataSource - HikariPool-1 - Start completed.
2026-04-08 09:29:17 WARN  org.hibernate.orm.deprecation - HHH90000025: MariaDBDialect does not need to be specified explicitly using 'hibernate.dialect' (remove the property setting and it will be selected by default)
2026-04-08 09:29:17 INFO  o.hibernate.orm.connections.pooling - HHH10001005: Database info:
	Database JDBC URL [jdbc:mariadb://localhost:3307/alertdb?user=root&useUnicode=true&serverTimezone=Europe/Paris&characterEncoding=utf8&createDatabaseIfNotExist=true]
	Database driver: MariaDB Connector/J
	Database dialect: MariaDBDialect
	Database version: 11.4.9
	Default catalog/schema: alertdb/undefined
	Autocommit mode: undefined/unknown
	Isolation level: REPEATABLE_READ [default REPEATABLE_READ]
	JDBC fetch size: none
	Pool: DataSourceConnectionProvider
	Minimum pool size: undefined/unknown
	Maximum pool size: undefined/unknown
2026-04-08 09:29:18 INFO  org.hibernate.orm.core - HHH000489: No JTA platform available (set 'hibernate.transaction.jta.platform' to enable JTA platform integration)
2026-04-08 09:29:18 INFO  o.s.o.j.LocalContainerEntityManagerFactoryBean - Initialized JPA EntityManagerFactory for persistence unit 'default'
2026-04-08 09:29:18 INFO  o.s.d.j.r.q.QueryEnhancerFactories - Hibernate is in classpath; If applicable, HQL parser will be used.
2026-04-08 09:29:19 WARN  o.s.b.j.a.JpaBaseConfiguration$JpaWebConfiguration - spring.jpa.open-in-view is enabled by default. Therefore, database queries may be performed during view rendering. Explicitly configure spring.jpa.open-in-view to disable this warning
2026-04-08 09:29:19 WARN  o.s.s.c.a.a.c.InitializeUserDetailsBeanManagerConfigurer$InitializeUserDetailsManagerConfigurer - Found 2 UserDetailsService beans, with names [securityCustomUserDetailsService, serviceCustomUserDetailsService]. Global Authentication Manager will not use a UserDetailsService for username/password login. Consider publishing a single UserDetailsService bean.
2026-04-08 09:29:19 INFO  org.mongodb.driver.client - MongoClient with metadata {"driver": {"name": "mongo-java-driver|spring-boot|sync", "version": "5.6.3"}, "os": {"type": "Windows", "name": "Windows 11", "architecture": "amd64", "version": "10.0"}, "platform": "Java/Oracle Corporation/17.0.12+8-LTS-286"} created with settings MongoClientSettings{readPreference=primary, writeConcern=WriteConcern{w=null, wTimeout=null ms, journal=null}, retryWrites=true, retryReads=true, readConcern=ReadConcern{level=null}, credential=null, transportSettings=null, commandListeners=[], codecRegistry=ProvidersCodecRegistry{codecProviders=[ValueCodecProvider{}, BsonValueCodecProvider{}, DBRefCodecProvider{}, DBObjectCodecProvider{}, DocumentCodecProvider{}, CollectionCodecProvider{}, IterableCodecProvider{}, MapCodecProvider{}, GeoJsonCodecProvider{}, GridFSFileCodecProvider{}, Jsr310CodecProvider{}, JsonObjectCodecProvider{}, BsonCodecProvider{}, com.mongodb.client.model.mql.ExpressionCodecProvider@1ddc390c, com.mongodb.Jep395RecordCodecProvider@62516473, com.mongodb.KotlinCodecProvider@7c5067fd, EnumCodecProvider{}]}, loggerSettings=LoggerSettings{maxDocumentLength=1000}, clusterSettings={hosts=[localhost:27017], srvServiceName=mongodb, mode=SINGLE, requiredClusterType=UNKNOWN, requiredReplicaSetName='null', serverSelector='null', clusterListeners='[]', serverSelectionTimeout='30000 ms', localThreshold='15 ms'}, socketSettings=SocketSettings{connectTimeoutMS=10000, readTimeoutMS=0, receiveBufferSize=0, proxySettings=ProxySettings{host=null, port=null, username=null, password=null}}, heartbeatSocketSettings=SocketSettings{connectTimeoutMS=10000, readTimeoutMS=10000, receiveBufferSize=0, proxySettings=ProxySettings{host=null, port=null, username=null, password=null}}, connectionPoolSettings=ConnectionPoolSettings{maxSize=100, minSize=0, maxWaitTimeMS=120000, maxConnectionLifeTimeMS=0, maxConnectionIdleTimeMS=0, maintenanceInitialDelayMS=0, maintenanceFrequencyMS=60000, connectionPoolListeners=[], maxConnecting=2}, serverSettings=ServerSettings{heartbeatFrequencyMS=10000, minHeartbeatFrequencyMS=500, serverMonitoringMode=AUTO, serverListeners='[]', serverMonitorListeners='[]'}, sslSettings=SslSettings{enabled=false, invalidHostNameAllowed=false, context=null}, applicationName='null', compressorList=[], uuidRepresentation=UNSPECIFIED, serverApi=null, autoEncryptionSettings=null, dnsClient=null, inetAddressResolver=null, contextProvider=null, timeoutMS=null}
2026-04-08 09:29:19 INFO  org.mongodb.driver.cluster - Monitor thread successfully connected to server with description ServerDescription{address=localhost:27017, type=STANDALONE, cryptd=false, state=CONNECTED, ok=true, minWireVersion=0, maxWireVersion=27, maxDocumentSize=16777216, logicalSessionTimeoutMinutes=30, roundTripTimeNanos=15150800, minRoundTripTimeNanos=0}
2026-04-08 09:29:19 INFO  o.s.boot.tomcat.TomcatWebServer - Tomcat started on port 9090 (http) with context path '/'
2026-04-08 09:29:19 INFO  c.e.a.AlertCiviqueApplication - Started AlertCiviqueApplication in 4.721 seconds (process running for 5.061)
2026-04-08 09:31:01 INFO  o.a.c.c.C.[Tomcat].[localhost].[/] - Initializing Spring DispatcherServlet 'dispatcherServlet'
2026-04-08 09:31:01 INFO  o.s.web.servlet.DispatcherServlet - Initializing Servlet 'dispatcherServlet'
2026-04-08 09:31:01 INFO  o.s.web.servlet.DispatcherServlet - Completed initialization in 31 ms
2026-04-08 09:31:02 DEBUG org.hibernate.SQL - 
    select
        rm1_0.report_message_id,
        rm1_0.alert_type,
        rm1_0.created_at,
        rm1_0.message_id,
        rm1_0.reason,
        rm1_0.report_id,
        rm1_0.sender_name,
        rm1_0.user_id 
    from
        report_message rm1_0 
    where
        rm1_0.alert_type is not null 
    order by
        rm1_0.created_at
2026-04-08 09:31:14 DEBUG org.hibernate.SQL - 
    select
        rm1_0.report_message_id,
        rm1_0.alert_type,
        rm1_0.created_at,
        rm1_0.message_id,
        rm1_0.reason,
        rm1_0.report_id,
        rm1_0.sender_name,
        rm1_0.user_id 
    from
        report_message rm1_0 
    where
        rm1_0.alert_type is not null 
    order by
        rm1_0.created_at
2026-04-08 09:32:25 DEBUG org.hibernate.SQL - 
    select
        rm1_0.report_message_id,
        rm1_0.alert_type,
        rm1_0.created_at,
        rm1_0.message_id,
        rm1_0.reason,
        rm1_0.report_id,
        rm1_0.sender_name,
        rm1_0.user_id 
    from
        report_message rm1_0 
    where
        rm1_0.alert_type is not null 
    order by
        rm1_0.created_at
2026-04-08 09:54:32 DEBUG org.hibernate.SQL - 
    select
        rm1_0.report_message_id,
        rm1_0.alert_type,
        rm1_0.created_at,
        rm1_0.message_id,
        rm1_0.reason,
        rm1_0.report_id,
        rm1_0.sender_name,
        rm1_0.user_id 
    from
        report_message rm1_0 
    where
        rm1_0.alert_type is not null 
    order by
        rm1_0.created_at
2026-04-08 09:54:41 DEBUG org.hibernate.SQL - 
    select
        rm1_0.report_message_id,
        rm1_0.alert_type,
        rm1_0.created_at,
        rm1_0.message_id,
        rm1_0.reason,
        rm1_0.report_id,
        rm1_0.sender_name,
        rm1_0.user_id 
    from
        report_message rm1_0 
    where
        rm1_0.alert_type is not null 
    order by
        rm1_0.created_at
2026-04-08 09:55:51 DEBUG org.hibernate.SQL - 
    select
        rm1_0.report_message_id,
        rm1_0.alert_type,
        rm1_0.created_at,
        rm1_0.message_id,
        rm1_0.reason,
        rm1_0.report_id,
        rm1_0.sender_name,
        rm1_0.user_id 
    from
        report_message rm1_0 
    where
        rm1_0.alert_type is not null 
    order by
        rm1_0.created_at
2026-04-08 09:56:49 DEBUG org.hibernate.SQL - 
    select
        rm1_0.report_message_id,
        rm1_0.alert_type,
        rm1_0.created_at,
        rm1_0.message_id,
        rm1_0.reason,
        rm1_0.report_id,
        rm1_0.sender_name,
        rm1_0.user_id 
    from
        report_message rm1_0 
    where
        rm1_0.alert_type is not null 
    order by
        rm1_0.created_at
2026-04-08 10:00:30 INFO  c.e.a.service.RegisterService - Tentative d'inscription pour l'email : stephqnecalixte@gmail.com
2026-04-08 10:00:30 DEBUG org.hibernate.SQL - 
    select
        u1_0.user_id 
    from
        users u1_0 
    where
        u1_0.email=? 
    limit
        ?
2026-04-08 10:00:31 DEBUG org.hibernate.SQL - 
    select
        r1_0.role_id,
        r1_0.name 
    from
        roles r1_0 
    where
        r1_0.name=? 
    limit
        ?
2026-04-08 10:00:43 INFO  c.e.a.service.RegisterService - Tentative d'inscription pour l'email : stephqnecalixte@gmail.com
2026-04-08 10:00:43 DEBUG org.hibernate.SQL - 
    select
        u1_0.user_id 
    from
        users u1_0 
    where
        u1_0.email=? 
    limit
        ?
2026-04-08 10:00:44 DEBUG org.hibernate.SQL - 
    select
        r1_0.role_id,
        r1_0.name 
    from
        roles r1_0 
    where
        r1_0.name=? 
    limit
        ?
2026-04-08 10:01:30 INFO  c.e.a.service.RegisterService - Tentative d'inscription pour l'email : stephqnecalixte@gmail.com
2026-04-08 10:01:30 DEBUG org.hibernate.SQL - 
    select
        u1_0.user_id 
    from
        users u1_0 
    where
        u1_0.email=? 
    limit
        ?
2026-04-08 10:01:30 DEBUG org.hibernate.SQL - 
    select
        r1_0.role_id,
        r1_0.name 
    from
        roles r1_0 
    where
        r1_0.name=? 
    limit
        ?
2026-04-08 10:01:39 INFO  c.e.a.service.RegisterService - Tentative d'inscription pour l'email : stephqnecalixte@gmail.com
2026-04-08 10:01:39 DEBUG org.hibernate.SQL - 
    select
        u1_0.user_id 
    from
        users u1_0 
    where
        u1_0.email=? 
    limit
        ?
2026-04-08 10:01:40 DEBUG org.hibernate.SQL - 
    select
        r1_0.role_id,
        r1_0.name 
    from
        roles r1_0 
    where
        r1_0.name=? 
    limit
        ?
2026-04-08 11:14:33 INFO  c.e.a.AlertCiviqueApplication - Starting AlertCiviqueApplication using Java 17.0.12 with PID 3692 (C:\PROJET_DORANCO\ALERT-CIVIQUE-PROJECT\alert_civique_back\target\classes started by steph in C:\PROJET_DORANCO\ALERT-CIVIQUE-PROJECT\alert_civique_back)
2026-04-08 11:14:33 INFO  c.e.a.AlertCiviqueApplication - No active profile set, falling back to 1 default profile: "default"
2026-04-08 11:14:33 INFO  o.s.b.d.e.DevToolsPropertyDefaultsPostProcessor - Devtools property defaults active! Set 'spring.devtools.add-properties' to 'false' to disable
2026-04-08 11:14:33 INFO  o.s.b.d.e.DevToolsPropertyDefaultsPostProcessor - For additional web related logging consider setting the 'logging.level.web' property to 'DEBUG'
2026-04-08 11:14:33 INFO  o.s.d.r.c.RepositoryConfigurationDelegate - Bootstrapping Spring Data JPA repositories in DEFAULT mode.
2026-04-08 11:14:33 INFO  o.s.d.r.c.RepositoryConfigurationDelegate - Finished Spring Data repository scanning in 54 ms. Found 15 JPA repository interfaces.
2026-04-08 11:14:34 INFO  o.s.boot.tomcat.TomcatWebServer - Tomcat initialized with port 9090 (http)
2026-04-08 11:14:34 INFO  o.a.catalina.core.StandardService - Starting service [Tomcat]
2026-04-08 11:14:34 INFO  o.a.catalina.core.StandardEngine - Starting Servlet engine: [Apache Tomcat/11.0.18]
2026-04-08 11:14:34 INFO  o.s.b.w.c.s.WebApplicationContextInitializer - Root WebApplicationContext: initialization completed in 1032 ms
2026-04-08 11:14:34 INFO  org.hibernate.orm.jpa - HHH008540: Processing PersistenceUnitInfo [name: default]
2026-04-08 11:14:34 INFO  org.hibernate.orm.core - HHH000001: Hibernate ORM core version 7.2.4.Final
2026-04-08 11:14:34 INFO  o.s.o.j.p.SpringPersistenceUnitInfo - No LoadTimeWeaver setup: ignoring JPA class transformer
2026-04-08 11:14:34 INFO  com.zaxxer.hikari.HikariDataSource - HikariPool-1 - Starting...
2026-04-08 11:14:34 INFO  com.zaxxer.hikari.pool.HikariPool - HikariPool-1 - Added connection org.mariadb.jdbc.Connection@55c5dbb1
2026-04-08 11:14:34 INFO  com.zaxxer.hikari.HikariDataSource - HikariPool-1 - Start completed.
2026-04-08 11:14:34 WARN  org.hibernate.orm.deprecation - HHH90000025: MariaDBDialect does not need to be specified explicitly using 'hibernate.dialect' (remove the property setting and it will be selected by default)
2026-04-08 11:14:34 INFO  o.hibernate.orm.connections.pooling - HHH10001005: Database info:
	Database JDBC URL [jdbc:mariadb://localhost:3307/alertdb?user=root&useUnicode=true&serverTimezone=Europe/Paris&characterEncoding=utf8&createDatabaseIfNotExist=true]
	Database driver: MariaDB Connector/J
	Database dialect: MariaDBDialect
	Database version: 11.4.9
	Default catalog/schema: alertdb/undefined
	Autocommit mode: undefined/unknown
	Isolation level: REPEATABLE_READ [default REPEATABLE_READ]
	JDBC fetch size: none
	Pool: DataSourceConnectionProvider
	Minimum pool size: undefined/unknown
	Maximum pool size: undefined/unknown
2026-04-08 11:14:35 INFO  org.hibernate.orm.core - HHH000489: No JTA platform available (set 'hibernate.transaction.jta.platform' to enable JTA platform integration)
2026-04-08 11:14:35 INFO  o.s.o.j.LocalContainerEntityManagerFactoryBean - Initialized JPA EntityManagerFactory for persistence unit 'default'
2026-04-08 11:14:36 INFO  o.s.d.j.r.q.QueryEnhancerFactories - Hibernate is in classpath; If applicable, HQL parser will be used.
2026-04-08 11:14:36 WARN  o.s.b.j.a.JpaBaseConfiguration$JpaWebConfiguration - spring.jpa.open-in-view is enabled by default. Therefore, database queries may be performed during view rendering. Explicitly configure spring.jpa.open-in-view to disable this warning
2026-04-08 11:14:36 WARN  o.s.s.c.a.a.c.InitializeUserDetailsBeanManagerConfigurer$InitializeUserDetailsManagerConfigurer - Found 2 UserDetailsService beans, with names [securityCustomUserDetailsService, serviceCustomUserDetailsService]. Global Authentication Manager will not use a UserDetailsService for username/password login. Consider publishing a single UserDetailsService bean.
2026-04-08 11:14:36 INFO  org.mongodb.driver.client - MongoClient with metadata {"driver": {"name": "mongo-java-driver|spring-boot|sync", "version": "5.6.3"}, "os": {"type": "Windows", "name": "Windows 11", "architecture": "amd64", "version": "10.0"}, "platform": "Java/Oracle Corporation/17.0.12+8-LTS-286"} created with settings MongoClientSettings{readPreference=primary, writeConcern=WriteConcern{w=null, wTimeout=null ms, journal=null}, retryWrites=true, retryReads=true, readConcern=ReadConcern{level=null}, credential=null, transportSettings=null, commandListeners=[], codecRegistry=ProvidersCodecRegistry{codecProviders=[ValueCodecProvider{}, BsonValueCodecProvider{}, DBRefCodecProvider{}, DBObjectCodecProvider{}, DocumentCodecProvider{}, CollectionCodecProvider{}, IterableCodecProvider{}, MapCodecProvider{}, GeoJsonCodecProvider{}, GridFSFileCodecProvider{}, Jsr310CodecProvider{}, JsonObjectCodecProvider{}, BsonCodecProvider{}, com.mongodb.client.model.mql.ExpressionCodecProvider@230f5a4a, com.mongodb.Jep395RecordCodecProvider@6f4441e1, com.mongodb.KotlinCodecProvider@1088aa8c, EnumCodecProvider{}]}, loggerSettings=LoggerSettings{maxDocumentLength=1000}, clusterSettings={hosts=[localhost:27017], srvServiceName=mongodb, mode=SINGLE, requiredClusterType=UNKNOWN, requiredReplicaSetName='null', serverSelector='null', clusterListeners='[]', serverSelectionTimeout='30000 ms', localThreshold='15 ms'}, socketSettings=SocketSettings{connectTimeoutMS=10000, readTimeoutMS=0, receiveBufferSize=0, proxySettings=ProxySettings{host=null, port=null, username=null, password=null}}, heartbeatSocketSettings=SocketSettings{connectTimeoutMS=10000, readTimeoutMS=10000, receiveBufferSize=0, proxySettings=ProxySettings{host=null, port=null, username=null, password=null}}, connectionPoolSettings=ConnectionPoolSettings{maxSize=100, minSize=0, maxWaitTimeMS=120000, maxConnectionLifeTimeMS=0, maxConnectionIdleTimeMS=0, maintenanceInitialDelayMS=0, maintenanceFrequencyMS=60000, connectionPoolListeners=[], maxConnecting=2}, serverSettings=ServerSettings{heartbeatFrequencyMS=10000, minHeartbeatFrequencyMS=500, serverMonitoringMode=AUTO, serverListeners='[]', serverMonitorListeners='[]'}, sslSettings=SslSettings{enabled=false, invalidHostNameAllowed=false, context=null}, applicationName='null', compressorList=[], uuidRepresentation=UNSPECIFIED, serverApi=null, autoEncryptionSettings=null, dnsClient=null, inetAddressResolver=null, contextProvider=null, timeoutMS=null}
2026-04-08 11:14:36 INFO  org.mongodb.driver.cluster - Monitor thread successfully connected to server with description ServerDescription{address=localhost:27017, type=STANDALONE, cryptd=false, state=CONNECTED, ok=true, minWireVersion=0, maxWireVersion=27, maxDocumentSize=16777216, logicalSessionTimeoutMinutes=30, roundTripTimeNanos=14262400, minRoundTripTimeNanos=0}
2026-04-08 11:14:37 INFO  o.s.boot.tomcat.TomcatWebServer - Tomcat started on port 9090 (http) with context path '/'
2026-04-08 11:14:37 INFO  c.e.a.AlertCiviqueApplication - Started AlertCiviqueApplication in 4.023 seconds (process running for 4.302)
2026-04-08 11:17:12 INFO  o.a.c.c.C.[Tomcat].[localhost].[/] - Initializing Spring DispatcherServlet 'dispatcherServlet'
2026-04-08 11:17:12 INFO  o.s.web.servlet.DispatcherServlet - Initializing Servlet 'dispatcherServlet'
2026-04-08 11:17:12 INFO  o.s.web.servlet.DispatcherServlet - Completed initialization in 16 ms
2026-04-08 11:17:12 DEBUG org.hibernate.SQL - 
    select
        rm1_0.report_message_id,
        rm1_0.alert_type,
        rm1_0.created_at,
        rm1_0.message_id,
        rm1_0.reason,
        rm1_0.report_id,
        rm1_0.sender_name,
        rm1_0.user_id 
    from
        report_message rm1_0 
    where
        rm1_0.alert_type is not null 
    order by
        rm1_0.created_at
2026-04-08 11:23:44 INFO  c.e.a.service.RegisterService - Tentative d'inscription pour l'email : stephqnecalixte@gmail.com
2026-04-08 11:23:44 DEBUG org.hibernate.SQL - 
    select
        u1_0.user_id 
    from
        users u1_0 
    where
        u1_0.email=? 
    limit
        ?
2026-04-08 11:23:44 DEBUG org.hibernate.SQL - 
    select
        r1_0.role_id,
        r1_0.name 
    from
        roles r1_0 
    where
        r1_0.name=? 
    limit
        ?
2026-04-08 11:26:52 INFO  c.e.a.service.RegisterService - Tentative d'inscription pour l'email : stephqnecalixte@gmail.com
2026-04-08 11:26:52 DEBUG org.hibernate.SQL - 
    select
        u1_0.user_id 
    from
        users u1_0 
    where
        u1_0.email=? 
    limit
        ?
2026-04-08 11:26:54 DEBUG org.hibernate.SQL - 
    select
        r1_0.role_id,
        r1_0.name 
    from
        roles r1_0 
    where
        r1_0.name=? 
    limit
        ?
2026-04-08 11:28:02 INFO  o.s.b.d.a.LocalDevToolsAutoConfiguration$RestartingClassPathChangeChangedEventListener - Restarting due to 2 class path changes (1 addition, 0 deletions, 1 modification)
2026-04-08 11:28:02 INFO  o.s.boot.tomcat.GracefulShutdown - Commencing graceful shutdown. Waiting for active requests to complete
2026-04-08 11:28:03 INFO  o.s.boot.tomcat.GracefulShutdown - Graceful shutdown complete
2026-04-08 11:28:03 INFO  o.s.o.j.LocalContainerEntityManagerFactoryBean - Closing JPA EntityManagerFactory for persistence unit 'default'
2026-04-08 11:28:03 INFO  com.zaxxer.hikari.HikariDataSource - HikariPool-1 - Shutdown initiated...
2026-04-08 11:28:03 INFO  com.zaxxer.hikari.HikariDataSource - HikariPool-1 - Shutdown completed.
2026-04-08 11:28:03 INFO  c.e.a.AlertCiviqueApplication - Starting AlertCiviqueApplication using Java 17.0.12 with PID 3692 (C:\PROJET_DORANCO\ALERT-CIVIQUE-PROJECT\alert_civique_back\target\classes started by steph in C:\PROJET_DORANCO\ALERT-CIVIQUE-PROJECT\alert_civique_back)
2026-04-08 11:28:03 INFO  c.e.a.AlertCiviqueApplication - No active profile set, falling back to 1 default profile: "default"
2026-04-08 11:28:04 INFO  o.s.d.r.c.RepositoryConfigurationDelegate - Bootstrapping Spring Data JPA repositories in DEFAULT mode.
2026-04-08 11:28:04 INFO  o.s.d.r.c.RepositoryConfigurationDelegate - Finished Spring Data repository scanning in 76 ms. Found 15 JPA repository interfaces.
2026-04-08 11:28:04 INFO  o.s.boot.tomcat.TomcatWebServer - Tomcat initialized with port 9090 (http)
2026-04-08 11:28:04 INFO  o.a.catalina.core.StandardService - Starting service [Tomcat]
2026-04-08 11:28:04 INFO  o.a.catalina.core.StandardEngine - Starting Servlet engine: [Apache Tomcat/11.0.18]
2026-04-08 11:28:04 INFO  o.s.b.w.c.s.WebApplicationContextInitializer - Root WebApplicationContext: initialization completed in 944 ms
2026-04-08 11:28:04 INFO  org.hibernate.orm.jpa - HHH008540: Processing PersistenceUnitInfo [name: default]
2026-04-08 11:28:04 INFO  o.s.o.j.p.SpringPersistenceUnitInfo - No LoadTimeWeaver setup: ignoring JPA class transformer
2026-04-08 11:28:04 INFO  com.zaxxer.hikari.HikariDataSource - HikariPool-2 - Starting...
2026-04-08 11:28:04 INFO  com.zaxxer.hikari.pool.HikariPool - HikariPool-2 - Added connection org.mariadb.jdbc.Connection@4eee6d5e
2026-04-08 11:28:04 INFO  com.zaxxer.hikari.HikariDataSource - HikariPool-2 - Start completed.
2026-04-08 11:28:04 WARN  org.hibernate.orm.deprecation - HHH90000025: MariaDBDialect does not need to be specified explicitly using 'hibernate.dialect' (remove the property setting and it will be selected by default)
2026-04-08 11:28:04 INFO  o.hibernate.orm.connections.pooling - HHH10001005: Database info:
	Database JDBC URL [jdbc:mariadb://localhost:3307/alertdb?user=root&useUnicode=true&serverTimezone=Europe/Paris&characterEncoding=utf8&createDatabaseIfNotExist=true]
	Database driver: MariaDB Connector/J
	Database dialect: MariaDBDialect
	Database version: 11.4.9
	Default catalog/schema: alertdb/undefined
	Autocommit mode: undefined/unknown
	Isolation level: REPEATABLE_READ [default REPEATABLE_READ]
	JDBC fetch size: none
	Pool: DataSourceConnectionProvider
	Minimum pool size: undefined/unknown
	Maximum pool size: undefined/unknown
2026-04-08 11:28:05 INFO  org.hibernate.orm.core - HHH000489: No JTA platform available (set 'hibernate.transaction.jta.platform' to enable JTA platform integration)
2026-04-08 11:28:05 INFO  o.s.o.j.LocalContainerEntityManagerFactoryBean - Initialized JPA EntityManagerFactory for persistence unit 'default'
2026-04-08 11:28:05 WARN  o.s.b.j.a.JpaBaseConfiguration$JpaWebConfiguration - spring.jpa.open-in-view is enabled by default. Therefore, database queries may be performed during view rendering. Explicitly configure spring.jpa.open-in-view to disable this warning
2026-04-08 11:28:05 WARN  o.s.s.c.a.a.c.InitializeUserDetailsBeanManagerConfigurer$InitializeUserDetailsManagerConfigurer - Found 2 UserDetailsService beans, with names [securityCustomUserDetailsService, serviceCustomUserDetailsService]. Global Authentication Manager will not use a UserDetailsService for username/password login. Consider publishing a single UserDetailsService bean.
2026-04-08 11:28:06 INFO  org.mongodb.driver.client - MongoClient with metadata {"driver": {"name": "mongo-java-driver|spring-boot|sync", "version": "5.6.3"}, "os": {"type": "Windows", "name": "Windows 11", "architecture": "amd64", "version": "10.0"}, "platform": "Java/Oracle Corporation/17.0.12+8-LTS-286"} created with settings MongoClientSettings{readPreference=primary, writeConcern=WriteConcern{w=null, wTimeout=null ms, journal=null}, retryWrites=true, retryReads=true, readConcern=ReadConcern{level=null}, credential=null, transportSettings=null, commandListeners=[], codecRegistry=ProvidersCodecRegistry{codecProviders=[ValueCodecProvider{}, BsonValueCodecProvider{}, DBRefCodecProvider{}, DBObjectCodecProvider{}, DocumentCodecProvider{}, CollectionCodecProvider{}, IterableCodecProvider{}, MapCodecProvider{}, GeoJsonCodecProvider{}, GridFSFileCodecProvider{}, Jsr310CodecProvider{}, JsonObjectCodecProvider{}, BsonCodecProvider{}, com.mongodb.client.model.mql.ExpressionCodecProvider@230f5a4a, com.mongodb.Jep395RecordCodecProvider@6f4441e1, com.mongodb.KotlinCodecProvider@1088aa8c, EnumCodecProvider{}]}, loggerSettings=LoggerSettings{maxDocumentLength=1000}, clusterSettings={hosts=[localhost:27017], srvServiceName=mongodb, mode=SINGLE, requiredClusterType=UNKNOWN, requiredReplicaSetName='null', serverSelector='null', clusterListeners='[]', serverSelectionTimeout='30000 ms', localThreshold='15 ms'}, socketSettings=SocketSettings{connectTimeoutMS=10000, readTimeoutMS=0, receiveBufferSize=0, proxySettings=ProxySettings{host=null, port=null, username=null, password=null}}, heartbeatSocketSettings=SocketSettings{connectTimeoutMS=10000, readTimeoutMS=10000, receiveBufferSize=0, proxySettings=ProxySettings{host=null, port=null, username=null, password=null}}, connectionPoolSettings=ConnectionPoolSettings{maxSize=100, minSize=0, maxWaitTimeMS=120000, maxConnectionLifeTimeMS=0, maxConnectionIdleTimeMS=0, maintenanceInitialDelayMS=0, maintenanceFrequencyMS=60000, connectionPoolListeners=[], maxConnecting=2}, serverSettings=ServerSettings{heartbeatFrequencyMS=10000, minHeartbeatFrequencyMS=500, serverMonitoringMode=AUTO, serverListeners='[]', serverMonitorListeners='[]'}, sslSettings=SslSettings{enabled=false, invalidHostNameAllowed=false, context=null}, applicationName='null', compressorList=[], uuidRepresentation=UNSPECIFIED, serverApi=null, autoEncryptionSettings=null, dnsClient=null, inetAddressResolver=null, contextProvider=null, timeoutMS=null}
2026-04-08 11:28:06 INFO  org.mongodb.driver.cluster - Monitor thread successfully connected to server with description ServerDescription{address=localhost:27017, type=STANDALONE, cryptd=false, state=CONNECTED, ok=true, minWireVersion=0, maxWireVersion=27, maxDocumentSize=16777216, logicalSessionTimeoutMinutes=30, roundTripTimeNanos=18233700, minRoundTripTimeNanos=0}
2026-04-08 11:28:06 INFO  o.s.boot.tomcat.TomcatWebServer - Tomcat started on port 9090 (http) with context path '/'
2026-04-08 11:28:06 INFO  c.e.a.AlertCiviqueApplication - Started AlertCiviqueApplication in 2.935 seconds (process running for 813.883)
2026-04-08 11:28:06 DEBUG org.hibernate.SQL - 
    select
        r1_0.role_id 
    from
        roles r1_0 
    where
        r1_0.name=? 
    limit
        ?
2026-04-08 11:28:06 DEBUG org.hibernate.SQL - 
    insert 
    into
        roles
        (name) 
    values
        (?)
2026-04-08 11:28:06 INFO  c.e.a.config.DataInitializer - Rôle 'ROLE_CLIENT' créé en base de données
2026-04-08 11:28:06 DEBUG org.hibernate.SQL - 
    select
        r1_0.role_id 
    from
        roles r1_0 
    where
        r1_0.name=? 
    limit
        ?
2026-04-08 11:28:06 DEBUG org.hibernate.SQL - 
    insert 
    into
        roles
        (name) 
    values
        (?)
2026-04-08 11:28:06 INFO  c.e.a.config.DataInitializer - Rôle 'ROLE_ADMIN' créé en base de données
2026-04-08 11:28:06 DEBUG org.hibernate.SQL - 
    select
        r1_0.role_id 
    from
        roles r1_0 
    where
        r1_0.name=? 
    limit
        ?
2026-04-08 11:28:06 DEBUG org.hibernate.SQL - 
    insert 
    into
        roles
        (name) 
    values
        (?)
2026-04-08 11:28:06 INFO  c.e.a.config.DataInitializer - Rôle 'ROLE_MODERATOR' créé en base de données
2026-04-08 11:28:06 INFO  o.s.b.d.a.ConditionEvaluationDeltaLoggingListener - Condition evaluation unchanged
2026-04-08 11:28:09 INFO  o.a.c.c.C.[Tomcat].[localhost].[/] - Initializing Spring DispatcherServlet 'dispatcherServlet'
2026-04-08 11:28:09 INFO  o.s.web.servlet.DispatcherServlet - Initializing Servlet 'dispatcherServlet'
2026-04-08 11:28:09 INFO  o.s.web.servlet.DispatcherServlet - Completed initialization in 1 ms
2026-04-08 11:28:09 INFO  c.e.a.service.RegisterService - Tentative d'inscription pour l'email : stephqnecalixte@gmail.com
2026-04-08 11:28:09 DEBUG org.hibernate.SQL - 
    select
        u1_0.user_id 
    from
        users u1_0 
    where
        u1_0.email=? 
    limit
        ?
2026-04-08 11:28:10 DEBUG org.hibernate.SQL - 
    select
        r1_0.role_id,
        r1_0.name 
    from
        roles r1_0 
    where
        r1_0.name=? 
    limit
        ?
2026-04-08 11:28:10 DEBUG org.hibernate.SQL - 
    insert 
    into
        users
        (active, birthdate, created_at, email, firstname, lastname, name, password, phone, registration_date) 
    values
        (?, ?, ?, ?, ?, ?, ?, ?, ?, ?)
2026-04-08 11:28:10 WARN  o.m.jdbc.message.server.ErrorPacket - Error: 1364-HY000: Field 'role_id' doesn't have a default value
2026-04-08 11:28:10 WARN  org.hibernate.orm.jdbc.error - HHH000247: ErrorCode: 1364, SQLState: HY000
2026-04-08 11:28:10 WARN  org.hibernate.orm.jdbc.error - (conn=75) Field 'role_id' doesn't have a default value
2026-04-08 11:29:23 DEBUG org.hibernate.SQL - 
    select
        rm1_0.report_message_id,
        rm1_0.alert_type,
        rm1_0.created_at,
        rm1_0.message_id,
        rm1_0.reason,
        rm1_0.report_id,
        rm1_0.sender_name,
        rm1_0.user_id 
    from
        report_message rm1_0 
    where
        rm1_0.alert_type is not null 
    order by
        rm1_0.created_at
2026-04-08 11:30:39 DEBUG org.hibernate.SQL - 
    select
        rm1_0.report_message_id,
        rm1_0.alert_type,
        rm1_0.created_at,
        rm1_0.message_id,
        rm1_0.reason,
        rm1_0.report_id,
        rm1_0.sender_name,
        rm1_0.user_id 
    from
        report_message rm1_0 
    where
        rm1_0.alert_type is not null 
    order by
        rm1_0.created_at
2026-04-08 11:34:38 INFO  c.e.a.service.RegisterService - Tentative d'inscription pour l'email : stephqnecalixte@gmail.com
2026-04-08 11:34:38 DEBUG org.hibernate.SQL - 
    select
        u1_0.user_id 
    from
        users u1_0 
    where
        u1_0.email=? 
    limit
        ?
2026-04-08 11:34:39 DEBUG org.hibernate.SQL - 
    select
        r1_0.role_id,
        r1_0.name 
    from
        roles r1_0 
    where
        r1_0.name=? 
    limit
        ?
2026-04-08 11:34:39 DEBUG org.hibernate.SQL - 
    insert 
    into
        users
        (active, birthdate, created_at, email, firstname, lastname, name, password, phone, registration_date) 
    values
        (?, ?, ?, ?, ?, ?, ?, ?, ?, ?)
2026-04-08 11:34:39 WARN  o.m.jdbc.message.server.ErrorPacket - Error: 1364-HY000: Field 'role_id' doesn't have a default value
2026-04-08 11:34:39 WARN  org.hibernate.orm.jdbc.error - HHH000247: ErrorCode: 1364, SQLState: HY000
2026-04-08 11:34:39 WARN  org.hibernate.orm.jdbc.error - (conn=75) Field 'role_id' doesn't have a default value
2026-04-08 11:36:53 DEBUG org.hibernate.SQL - 
    select
        rm1_0.report_message_id,
        rm1_0.alert_type,
        rm1_0.created_at,
        rm1_0.message_id,
        rm1_0.reason,
        rm1_0.report_id,
        rm1_0.sender_name,
        rm1_0.user_id 
    from
        report_message rm1_0 
    where
        rm1_0.alert_type is not null 
    order by
        rm1_0.created_at
2026-04-08 11:37:53 DEBUG org.hibernate.SQL - 
    select
        rm1_0.report_message_id,
        rm1_0.alert_type,
        rm1_0.created_at,
        rm1_0.message_id,
        rm1_0.reason,
        rm1_0.report_id,
        rm1_0.sender_name,
        rm1_0.user_id 
    from
        report_message rm1_0 
    where
        rm1_0.alert_type is not null 
    order by
        rm1_0.created_at
2026-04-08 11:41:15 DEBUG org.hibernate.SQL - 
    select
        rm1_0.report_message_id,
        rm1_0.alert_type,
        rm1_0.created_at,
        rm1_0.message_id,
        rm1_0.reason,
        rm1_0.report_id,
        rm1_0.sender_name,
        rm1_0.user_id 
    from
        report_message rm1_0 
    where
        rm1_0.alert_type is not null 
    order by
        rm1_0.created_at
2026-04-08 11:41:43 DEBUG org.hibernate.SQL - 
    select
        rm1_0.report_message_id,
        rm1_0.alert_type,
        rm1_0.created_at,
        rm1_0.message_id,
        rm1_0.reason,
        rm1_0.report_id,
        rm1_0.sender_name,
        rm1_0.user_id 
    from
        report_message rm1_0 
    where
        rm1_0.alert_type is not null 
    order by
        rm1_0.created_at
2026-04-08 11:44:55 INFO  o.s.boot.tomcat.GracefulShutdown - Commencing graceful shutdown. Waiting for active requests to complete
2026-04-08 11:44:55 INFO  o.s.boot.tomcat.GracefulShutdown - Graceful shutdown complete
2026-04-08 11:44:55 INFO  o.s.o.j.LocalContainerEntityManagerFactoryBean - Closing JPA EntityManagerFactory for persistence unit 'default'
2026-04-08 11:44:55 INFO  com.zaxxer.hikari.HikariDataSource - HikariPool-2 - Shutdown initiated...
2026-04-08 11:44:55 INFO  com.zaxxer.hikari.HikariDataSource - HikariPool-2 - Shutdown completed.
